<?xml version="1.0" encoding="UTF-8"?>
<testsuite xmlns:xsi="http://www.w3.org/2001/XMLSchema-instance" xsi:noNamespaceSchemaLocation="https://maven.apache.org/surefire/maven-surefire-plugin/xsd/surefire-test-report.xsd" name="edu.usc.inf558.AppTest" time="0.026" tests="1" errors="0" skipped="0" failures="0">
  <properties>
    <property name="gopherProxySet" value="false"/>
    <property name="awt.toolkit" value="sun.lwawt.macosx.LWCToolkit"/>
    <property name="file.encoding.pkg" value="sun.io"/>
    <property name="java.specification.version" value="1.8"/>
    <property name="sun.cpu.isalist" value=""/>
    <property name="sun.jnu.encoding" value="UTF-8"/>
    <property name="java.class.path" value="/usr/local/Cellar/maven/3.6.0/libexec/boot/plexus-classworlds-2.5.2.jar"/>
    <property name="java.vm.vendor" value="Oracle Corporation"/>
    <property name="sun.arch.data.model" value="64"/>
    <property name="java.vendor.url" value="http://java.oracle.com/"/>
    <property name="user.timezone" value="America/Los_Angeles"/>
    <property name="maven.conf" value="/usr/local/Cellar/maven/3.6.0/libexec/conf"/>
    <property name="os.name" value="Mac OS X"/>
    <property name="java.vm.specification.version" value="1.8"/>
    <property name="user.country" value="US"/>
    <property name="sun.java.launcher" value="SUN_STANDARD"/>
    <property name="sun.boot.library.path" value="/Library/Java/JavaVirtualMachines/jdk1.8.0_201.jdk/Contents/Home/jre/lib"/>
    <property name="sun.java.command" value="org.codehaus.plexus.classworlds.launcher.Launcher clean package"/>
    <property name="http.nonProxyHosts" value="local|*.local|169.254/16|*.169.254/16"/>
    <property name="maven.home" value="/usr/local/Cellar/maven/3.6.0/libexec"/>
    <property name="surefire.test.class.path" value="/Users/karanmaheshwari/Desktop/INF558/hw5/hw5/jsonld2ttl/target/test-classes:/Users/karanmaheshwari/Desktop/INF558/hw5/hw5/jsonld2ttl/target/classes:/Users/karanmaheshwari/.m2/repository/org/slf4j/slf4j-simple/1.6.2/slf4j-simple-1.6.2.jar:/Users/karanmaheshwari/.m2/repository/org/slf4j/slf4j-api/1.6.2/slf4j-api-1.6.2.jar:/Users/karanmaheshwari/.m2/repository/junit/junit/4.11/junit-4.11.jar:/Users/karanmaheshwari/.m2/repository/org/hamcrest/hamcrest-core/1.3/hamcrest-core-1.3.jar:/Users/karanmaheshwari/.m2/repository/org/apache/jena/jena-tdb/3.10.0/jena-tdb-3.10.0.jar:/Users/karanmaheshwari/.m2/repository/org/apache/jena/jena-arq/3.10.0/jena-arq-3.10.0.jar:/Users/karanmaheshwari/.m2/repository/org/apache/jena/jena-core/3.10.0/jena-core-3.10.0.jar:/Users/karanmaheshwari/.m2/repository/org/apache/jena/jena-iri/3.10.0/jena-iri-3.10.0.jar:/Users/karanmaheshwari/.m2/repository/commons-cli/commons-cli/1.4/commons-cli-1.4.jar:/Users/karanmaheshwari/.m2/repository/commons-codec/commons-codec/1.11/commons-codec-1.11.jar:/Users/karanmaheshwari/.m2/repository/org/apache/jena/jena-base/3.10.0/jena-base-3.10.0.jar:/Users/karanmaheshwari/.m2/repository/org/apache/commons/commons-csv/1.5/commons-csv-1.5.jar:/Users/karanmaheshwari/.m2/repository/org/apache/commons/commons-compress/1.17/commons-compress-1.17.jar:/Users/karanmaheshwari/.m2/repository/com/github/andrewoma/dexx/collection/0.7/collection-0.7.jar:/Users/karanmaheshwari/.m2/repository/org/apache/jena/jena-shaded-guava/3.10.0/jena-shaded-guava-3.10.0.jar:/Users/karanmaheshwari/.m2/repository/org/apache/httpcomponents/httpclient/4.5.5/httpclient-4.5.5.jar:/Users/karanmaheshwari/.m2/repository/org/apache/httpcomponents/httpcore/4.4.9/httpcore-4.4.9.jar:/Users/karanmaheshwari/.m2/repository/com/github/jsonld-java/jsonld-java/0.12.1/jsonld-java-0.12.1.jar:/Users/karanmaheshwari/.m2/repository/com/fasterxml/jackson/core/jackson-core/2.9.6/jackson-core-2.9.6.jar:/Users/karanmaheshwari/.m2/repository/com/fasterxml/jackson/core/jackson-databind/2.9.6/jackson-databind-2.9.6.jar:/Users/karanmaheshwari/.m2/repository/com/fasterxml/jackson/core/jackson-annotations/2.9.0/jackson-annotations-2.9.0.jar:/Users/karanmaheshwari/.m2/repository/commons-io/commons-io/2.6/commons-io-2.6.jar:/Users/karanmaheshwari/.m2/repository/org/apache/httpcomponents/httpclient-cache/4.5.5/httpclient-cache-4.5.5.jar:/Users/karanmaheshwari/.m2/repository/org/apache/thrift/libthrift/0.10.0/libthrift-0.10.0.jar:/Users/karanmaheshwari/.m2/repository/org/slf4j/jcl-over-slf4j/1.7.25/jcl-over-slf4j-1.7.25.jar:/Users/karanmaheshwari/.m2/repository/org/apache/commons/commons-lang3/3.4/commons-lang3-3.4.jar:/Users/karanmaheshwari/.m2/repository/org/apache/jena/jena-tdb2/3.10.0/jena-tdb2-3.10.0.jar:/Users/karanmaheshwari/.m2/repository/org/apache/jena/jena-dboe-trans-data/3.10.0/jena-dboe-trans-data-3.10.0.jar:/Users/karanmaheshwari/.m2/repository/org/apache/jena/jena-dboe-transaction/3.10.0/jena-dboe-transaction-3.10.0.jar:/Users/karanmaheshwari/.m2/repository/org/apache/jena/jena-dboe-base/3.10.0/jena-dboe-base-3.10.0.jar:/Users/karanmaheshwari/.m2/repository/org/apache/jena/jena-dboe-index/3.10.0/jena-dboe-index-3.10.0.jar:/Users/karanmaheshwari/.m2/repository/org/apache/jena/jena-rdfconnection/3.10.0/jena-rdfconnection-3.10.0.jar:"/>
    <property name="sun.cpu.endian" value="little"/>
    <property name="user.home" value="/Users/karanmaheshwari"/>
    <property name="user.language" value="en"/>
    <property name="java.specification.vendor" value="Oracle Corporation"/>
    <property name="java.home" value="/Library/Java/JavaVirtualMachines/jdk1.8.0_201.jdk/Contents/Home/jre"/>
    <property name="basedir" value="/Users/karanmaheshwari/Desktop/INF558/hw5/hw5/jsonld2ttl"/>
    <property name="file.separator" value="/"/>
    <property name="line.separator" value="&#10;"/>
    <property name="java.vm.specification.vendor" value="Oracle Corporation"/>
    <property name="java.specification.name" value="Java Platform API Specification"/>
    <property name="java.awt.graphicsenv" value="sun.awt.CGraphicsEnvironment"/>
    <property name="sun.boot.class.path" value="/Library/Java/JavaVirtualMachines/jdk1.8.0_201.jdk/Contents/Home/jre/lib/resources.jar:/Library/Java/JavaVirtualMachines/jdk1.8.0_201.jdk/Contents/Home/jre/lib/rt.jar:/Library/Java/JavaVirtualMachines/jdk1.8.0_201.jdk/Contents/Home/jre/lib/sunrsasign.jar:/Library/Java/JavaVirtualMachines/jdk1.8.0_201.jdk/Contents/Home/jre/lib/jsse.jar:/Library/Java/JavaVirtualMachines/jdk1.8.0_201.jdk/Contents/Home/jre/lib/jce.jar:/Library/Java/JavaVirtualMachines/jdk1.8.0_201.jdk/Contents/Home/jre/lib/charsets.jar:/Library/Java/JavaVirtualMachines/jdk1.8.0_201.jdk/Contents/Home/jre/lib/jfr.jar:/Library/Java/JavaVirtualMachines/jdk1.8.0_201.jdk/Contents/Home/jre/classes"/>
    <property name="sun.management.compiler" value="HotSpot 64-Bit Tiered Compilers"/>
    <property name="ftp.nonProxyHosts" value="local|*.local|169.254/16|*.169.254/16"/>
    <property name="java.runtime.version" value="1.8.0_201-b09"/>
    <property name="user.name" value="karanmaheshwari"/>
    <property name="path.separator" value=":"/>
    <property name="os.version" value="10.14.3"/>
    <property name="java.endorsed.dirs" value="/Library/Java/JavaVirtualMachines/jdk1.8.0_201.jdk/Contents/Home/jre/lib/endorsed"/>
    <property name="java.runtime.name" value="Java(TM) SE Runtime Environment"/>
    <property name="file.encoding" value="UTF-8"/>
    <property name="guice.disable.misplaced.annotation.check" value="true"/>
    <property name="java.vm.name" value="Java HotSpot(TM) 64-Bit Server VM"/>
    <property name="localRepository" value="/Users/karanmaheshwari/.m2/repository"/>
    <property name="java.vendor.url.bug" value="http://bugreport.sun.com/bugreport/"/>
    <property name="java.io.tmpdir" value="/var/folders/f7/d3wjr3qx0xn04b3mssjw30980000gn/T/"/>
    <property name="java.version" value="1.8.0_201"/>
    <property name="user.dir" value="/Users/karanmaheshwari/Desktop/INF558/hw5/hw5/jsonld2ttl"/>
    <property name="os.arch" value="x86_64"/>
    <property name="maven.multiModuleProjectDirectory" value="/Users/karanmaheshwari/Desktop/INF558/hw5/hw5/jsonld2ttl"/>
    <property name="java.vm.specification.name" value="Java Virtual Machine Specification"/>
    <property name="java.awt.printerjob" value="sun.lwawt.macosx.CPrinterJob"/>
    <property name="sun.os.patch.level" value="unknown"/>
    <property name="java.library.path" value="/Users/karanmaheshwari/Library/Java/Extensions:/Library/Java/Extensions:/Network/Library/Java/Extensions:/System/Library/Java/Extensions:/usr/lib/java:."/>
    <property name="java.vm.info" value="mixed mode"/>
    <property name="java.vendor" value="Oracle Corporation"/>
    <property name="java.vm.version" value="25.201-b09"/>
    <property name="classworlds.conf" value="/usr/local/Cellar/maven/3.6.0/libexec/bin/m2.conf"/>
    <property name="java.ext.dirs" value="/Users/karanmaheshwari/Library/Java/Extensions:/Library/Java/JavaVirtualMachines/jdk1.8.0_201.jdk/Contents/Home/jre/lib/ext:/Library/Java/Extensions:/Network/Library/Java/Extensions:/System/Library/Java/Extensions:/usr/lib/java"/>
    <property name="sun.io.unicode.encoding" value="UnicodeBig"/>
    <property name="library.jansi.path" value="/usr/local/Cellar/maven/3.6.0/libexec/lib/jansi-native"/>
    <property name="java.class.version" value="52.0"/>
    <property name="socksNonProxyHosts" value="local|*.local|169.254/16|*.169.254/16"/>
  </properties>
  <testcase name="shouldAnswerWithTrue" classname="edu.usc.inf558.AppTest" time="0.001"/>
</testsuite>